[debug] [2020-07-12T06:22:43.120Z] ----------------------------------------------------------------------
[debug] [2020-07-12T06:22:43.122Z] Command:       C:\Program Files\nodejs\node.exe C:\Users\Kadaj\AppData\Roaming\npm\node_modules\firebase-tools\lib\bin\firebase.js init
[debug] [2020-07-12T06:22:43.122Z] CLI Version:   8.4.3
[debug] [2020-07-12T06:22:43.122Z] Platform:      win32
[debug] [2020-07-12T06:22:43.122Z] Node Version:  v12.18.2
[debug] [2020-07-12T06:22:43.123Z] Time:          Sun Jul 12 2020 02:22:43 GMT-0400 (Chile Standard Time)
[debug] [2020-07-12T06:22:43.123Z] ----------------------------------------------------------------------
[debug] [2020-07-12T06:22:43.123Z] 
[debug] [2020-07-12T06:22:43.128Z] > command requires scopes: ["email","openid","https://www.googleapis.com/auth/cloudplatformprojects.readonly","https://www.googleapis.com/auth/firebase","https://www.googleapis.com/auth/cloud-platform"]
[debug] [2020-07-12T06:22:43.128Z] > authorizing via signed-in user
[info] 
     ######## #### ########  ######## ########     ###     ######  ########
     ##        ##  ##     ## ##       ##     ##  ##   ##  ##       ##
     ######    ##  ########  ######   ########  #########  ######  ######
     ##        ##  ##    ##  ##       ##     ## ##     ##       ## ##
     ##       #### ##     ## ######## ########  ##     ##  ######  ########

You're about to initialize a Firebase project in this directory:

  D:\Documents\Projects\ServiceDesk2\servicedesk

Before we get started, keep in mind:

  * You are initializing in an existing Firebase project directory

[info] 
=== Project Setup
[info] 
[info] First, let's associate this project directory with a Firebase project.
[info] You can create multiple project aliases by running firebase use --add, 
[info] but for now we'll just set up a default project.
[info] 
[info] i  .firebaserc already has a default project, using servicedesk-bd429. 
[debug] [2020-07-12T06:22:49.523Z] >>> HTTP REQUEST GET https://firebase.googleapis.com/v1beta1/projects/servicedesk-bd429  
 
[debug] [2020-07-12T06:22:50.413Z] <<< HTTP RESPONSE 200 {"content-type":"application/json; charset=UTF-8","vary":"X-Origin, Referer, Origin,Accept-Encoding","date":"Sun, 12 Jul 2020 06:22:50 GMT","server":"ESF","cache-control":"private","x-xss-protection":"0","x-frame-options":"SAMEORIGIN","x-content-type-options":"nosniff","alt-svc":"h3-29=\":443\"; ma=2592000,h3-27=\":443\"; ma=2592000,h3-25=\":443\"; ma=2592000,h3-T050=\":443\"; ma=2592000,h3-Q050=\":443\"; ma=2592000,h3-Q046=\":443\"; ma=2592000,h3-Q043=\":443\"; ma=2592000,quic=\":443\"; ma=2592000; v=\"46,43\"","accept-ranges":"none","transfer-encoding":"chunked"}
[info] 
=== Storage Setup
[info] 
[info] Firebase Storage Security Rules allow you to define how and when to allow
[info] uploads and downloads. You can keep these rules in your project directory
[info] and publish them with firebase deploy.
[info] 
